c:\users\lishi\documents\visual studio 2015\projects\cuda_pso\x64\debug\cuda_pso.ilk
c:\users\lishi\documents\visual studio 2015\projects\cuda_pso\x64\debug\cuda_pso.exe
c:\users\lishi\documents\visual studio 2015\projects\cuda_pso\x64\debug\cuda_pso.pdb
c:\users\lishi\documents\visual studio 2015\projects\cuda_pso\cuda_pso\x64\debug\addwithcuda.cu.cache
c:\users\lishi\documents\visual studio 2015\projects\cuda_pso\cuda_pso\x64\debug\cuda_pso.cu.cache
c:\users\lishi\documents\visual studio 2015\projects\cuda_pso\cuda_pso\x64\debug\devicequery.cu.cache
c:\users\lishi\documents\visual studio 2015\projects\cuda_pso\cuda_pso\x64\debug\fitness_function.cu.cache
c:\users\lishi\documents\visual studio 2015\projects\cuda_pso\cuda_pso\x64\debug\host_fitness_function.cu.cache
c:\users\lishi\documents\visual studio 2015\projects\cuda_pso\cuda_pso\x64\debug\kernel.cu.cache
c:\users\lishi\documents\visual studio 2015\projects\cuda_pso\cuda_pso\x64\debug\random.cu.cache
c:\users\lishi\documents\visual studio 2015\projects\cuda_pso\cuda_pso\x64\debug\addwithcuda.cu.obj
c:\users\lishi\documents\visual studio 2015\projects\cuda_pso\cuda_pso\x64\debug\cuda_pso.cu.obj
c:\users\lishi\documents\visual studio 2015\projects\cuda_pso\cuda_pso\x64\debug\devicequery.cu.obj
c:\users\lishi\documents\visual studio 2015\projects\cuda_pso\cuda_pso\x64\debug\fitness_function.cu.obj
c:\users\lishi\documents\visual studio 2015\projects\cuda_pso\cuda_pso\x64\debug\host_fitness_function.cu.obj
c:\users\lishi\documents\visual studio 2015\projects\cuda_pso\cuda_pso\x64\debug\kernel.cu.obj
c:\users\lishi\documents\visual studio 2015\projects\cuda_pso\cuda_pso\x64\debug\random.cu.obj
c:\users\lishi\documents\visual studio 2015\projects\cuda_pso\cuda_pso\x64\debug\cuda_pso.tlog\link.command.1.tlog
c:\users\lishi\documents\visual studio 2015\projects\cuda_pso\cuda_pso\x64\debug\cuda_pso.tlog\link.read.1.tlog
c:\users\lishi\documents\visual studio 2015\projects\cuda_pso\cuda_pso\x64\debug\cuda_pso.tlog\link.write.1.tlog
